<?xml version="1.0" encoding="UTF-8"?>
<coverage generated="1773443748515" clover="3.2.0">
  <project timestamp="1773443748515" name="All files">
    <metrics statements="85" coveredstatements="76" conditionals="37" coveredconditionals="27" methods="8" coveredmethods="8" elements="130" coveredelements="111" complexity="0" loc="85" ncloc="85" packages="1" files="3" classes="3"/>
    <file name="Lexer.ts" path="/Users/valeriechavez/Desktop/spring 2026/COMP 430 COMPILERS/SkalScript/src/tokenizer/Lexer.ts">
      <metrics statements="50" coveredstatements="41" conditionals="35" coveredconditionals="25" methods="7" coveredmethods="7"/>
      <line num="3" count="2" type="stmt"/>
      <line num="4" count="2" type="stmt"/>
      <line num="8" count="2" type="stmt"/>
      <line num="10" count="13" type="stmt"/>
      <line num="14" count="13" type="stmt"/>
      <line num="20" count="79" type="cond" truecount="4" falsecount="0"/>
      <line num="26" count="27" type="cond" truecount="3" falsecount="1"/>
      <line num="31" count="26" type="stmt"/>
      <line num="32" count="6" type="stmt"/>
      <line num="40" count="26" type="stmt"/>
      <line num="42" count="26" type="stmt"/>
      <line num="45" count="26" type="cond" truecount="2" falsecount="0"/>
      <line num="46" count="11" type="stmt"/>
      <line num="50" count="15" type="cond" truecount="2" falsecount="0"/>
      <line num="51" count="2" type="stmt"/>
      <line num="55" count="13" type="cond" truecount="2" falsecount="0"/>
      <line num="56" count="4" type="stmt"/>
      <line num="60" count="9" type="cond" truecount="6" falsecount="9"/>
      <line num="63" count="1" type="stmt"/>
      <line num="66" count="1" type="stmt"/>
      <line num="69" count="0" type="stmt"/>
      <line num="72" count="0" type="stmt"/>
      <line num="75" count="0" type="stmt"/>
      <line num="78" count="0" type="stmt"/>
      <line num="81" count="1" type="stmt"/>
      <line num="84" count="2" type="stmt"/>
      <line num="87" count="1" type="stmt"/>
      <line num="90" count="0" type="stmt"/>
      <line num="93" count="0" type="stmt"/>
      <line num="96" count="0" type="stmt"/>
      <line num="99" count="0" type="stmt"/>
      <line num="104" count="3" type="cond" truecount="2" falsecount="0"/>
      <line num="105" count="1" type="stmt"/>
      <line num="106" count="1" type="stmt"/>
      <line num="110" count="2" type="cond" truecount="2" falsecount="0"/>
      <line num="111" count="1" type="stmt"/>
      <line num="112" count="1" type="stmt"/>
      <line num="116" count="1" type="stmt"/>
      <line num="120" count="0" type="stmt"/>
      <line num="128" count="2" type="stmt"/>
      <line num="131" count="2" type="stmt"/>
      <line num="132" count="4" type="stmt"/>
      <line num="135" count="2" type="stmt"/>
      <line num="144" count="4" type="stmt"/>
      <line num="147" count="4" type="stmt"/>
      <line num="148" count="6" type="stmt"/>
      <line num="152" count="4" type="stmt"/>
      <line num="154" count="4" type="cond" truecount="2" falsecount="0"/>
      <line num="155" count="1" type="stmt"/>
      <line num="159" count="3" type="stmt"/>
    </file>
    <file name="TokenType.ts" path="/Users/valeriechavez/Desktop/spring 2026/COMP 430 COMPILERS/SkalScript/src/tokenizer/TokenType.ts">
      <metrics statements="33" coveredstatements="33" conditionals="2" coveredconditionals="2" methods="1" coveredmethods="1"/>
      <line num="1" count="2" type="cond" truecount="2" falsecount="0"/>
      <line num="2" count="2" type="stmt"/>
      <line num="3" count="2" type="stmt"/>
      <line num="7" count="2" type="stmt"/>
      <line num="8" count="2" type="stmt"/>
      <line num="9" count="2" type="stmt"/>
      <line num="10" count="2" type="stmt"/>
      <line num="11" count="2" type="stmt"/>
      <line num="12" count="2" type="stmt"/>
      <line num="13" count="2" type="stmt"/>
      <line num="14" count="2" type="stmt"/>
      <line num="15" count="2" type="stmt"/>
      <line num="16" count="2" type="stmt"/>
      <line num="19" count="2" type="stmt"/>
      <line num="20" count="2" type="stmt"/>
      <line num="21" count="2" type="stmt"/>
      <line num="24" count="2" type="stmt"/>
      <line num="25" count="2" type="stmt"/>
      <line num="26" count="2" type="stmt"/>
      <line num="27" count="2" type="stmt"/>
      <line num="28" count="2" type="stmt"/>
      <line num="29" count="2" type="stmt"/>
      <line num="30" count="2" type="stmt"/>
      <line num="31" count="2" type="stmt"/>
      <line num="34" count="2" type="stmt"/>
      <line num="35" count="2" type="stmt"/>
      <line num="36" count="2" type="stmt"/>
      <line num="37" count="2" type="stmt"/>
      <line num="38" count="2" type="stmt"/>
      <line num="39" count="2" type="stmt"/>
      <line num="40" count="2" type="stmt"/>
      <line num="41" count="2" type="stmt"/>
      <line num="43" count="2" type="stmt"/>
    </file>
    <file name="keywords.ts" path="/Users/valeriechavez/Desktop/spring 2026/COMP 430 COMPILERS/SkalScript/src/tokenizer/keywords.ts">
      <metrics statements="2" coveredstatements="2" conditionals="0" coveredconditionals="0" methods="0" coveredmethods="0"/>
      <line num="1" count="2" type="stmt"/>
      <line num="3" count="2" type="stmt"/>
    </file>
  </project>
</coverage>
