{"/Users/valeriechavez/Desktop/spring 2026/COMP 430 COMPILERS/SkalScript/src/tokenizer/Lexer.ts": {"path":"/Users/valeriechavez/Desktop/spring 2026/COMP 430 COMPILERS/SkalScript/src/tokenizer/Lexer.ts","statementMap":{"0":{"start":{"line":3,"column":0},"end":{"line":3,"column":39}},"1":{"start":{"line":4,"column":0},"end":{"line":4,"column":37}},"2":{"start":{"line":10,"column":10},"end":{"line":10,"column":null}},"3":{"start":{"line":14,"column":4},"end":{"line":14,"column":null}},"4":{"start":{"line":20,"column":4},"end":{"line":20,"column":null}},"5":{"start":{"line":26,"column":4},"end":{"line":26,"column":null}},"6":{"start":{"line":31,"column":4},"end":{"line":33,"column":5}},"7":{"start":{"line":32,"column":6},"end":{"line":32,"column":null}},"8":{"start":{"line":40,"column":4},"end":{"line":40,"column":null}},"9":{"start":{"line":42,"column":17},"end":{"line":42,"column":28}},"10":{"start":{"line":45,"column":4},"end":{"line":47,"column":5}},"11":{"start":{"line":46,"column":6},"end":{"line":46,"column":null}},"12":{"start":{"line":50,"column":4},"end":{"line":52,"column":5}},"13":{"start":{"line":51,"column":6},"end":{"line":51,"column":null}},"14":{"start":{"line":55,"column":4},"end":{"line":57,"column":5}},"15":{"start":{"line":56,"column":6},"end":{"line":56,"column":null}},"16":{"start":{"line":60,"column":4},"end":{"line":121,"column":5}},"17":{"start":{"line":63,"column":8},"end":{"line":63,"column":null}},"18":{"start":{"line":66,"column":8},"end":{"line":66,"column":null}},"19":{"start":{"line":69,"column":8},"end":{"line":69,"column":null}},"20":{"start":{"line":72,"column":8},"end":{"line":72,"column":null}},"21":{"start":{"line":75,"column":8},"end":{"line":75,"column":null}},"22":{"start":{"line":78,"column":8},"end":{"line":78,"column":null}},"23":{"start":{"line":81,"column":8},"end":{"line":81,"column":null}},"24":{"start":{"line":84,"column":8},"end":{"line":84,"column":null}},"25":{"start":{"line":87,"column":8},"end":{"line":87,"column":null}},"26":{"start":{"line":90,"column":8},"end":{"line":90,"column":null}},"27":{"start":{"line":93,"column":8},"end":{"line":93,"column":null}},"28":{"start":{"line":96,"column":8},"end":{"line":96,"column":null}},"29":{"start":{"line":99,"column":8},"end":{"line":99,"column":null}},"30":{"start":{"line":104,"column":8},"end":{"line":107,"column":9}},"31":{"start":{"line":105,"column":10},"end":{"line":105,"column":null}},"32":{"start":{"line":106,"column":10},"end":{"line":106,"column":null}},"33":{"start":{"line":110,"column":8},"end":{"line":113,"column":9}},"34":{"start":{"line":111,"column":10},"end":{"line":111,"column":null}},"35":{"start":{"line":112,"column":10},"end":{"line":112,"column":null}},"36":{"start":{"line":116,"column":8},"end":{"line":116,"column":null}},"37":{"start":{"line":120,"column":8},"end":{"line":120,"column":null}},"38":{"start":{"line":128,"column":14},"end":{"line":128,"column":16}},"39":{"start":{"line":131,"column":4},"end":{"line":133,"column":5}},"40":{"start":{"line":132,"column":6},"end":{"line":132,"column":null}},"41":{"start":{"line":135,"column":4},"end":{"line":138,"column":null}},"42":{"start":{"line":144,"column":13},"end":{"line":144,"column":15}},"43":{"start":{"line":147,"column":4},"end":{"line":149,"column":5}},"44":{"start":{"line":148,"column":6},"end":{"line":148,"column":null}},"45":{"start":{"line":152,"column":20},"end":{"line":152,"column":32}},"46":{"start":{"line":154,"column":4},"end":{"line":156,"column":5}},"47":{"start":{"line":155,"column":6},"end":{"line":155,"column":null}},"48":{"start":{"line":159,"column":4},"end":{"line":162,"column":null}},"49":{"start":{"line":8,"column":0},"end":{"line":8,"column":13}}},"fnMap":{"0":{"name":"(anonymous_0)","decl":{"start":{"line":13,"column":2},"end":{"line":13,"column":14}},"loc":{"start":{"line":13,"column":27},"end":{"line":15,"column":3}}},"1":{"name":"(anonymous_1)","decl":{"start":{"line":19,"column":10},"end":{"line":19,"column":14}},"loc":{"start":{"line":19,"column":14},"end":{"line":21,"column":3}}},"2":{"name":"(anonymous_2)","decl":{"start":{"line":25,"column":10},"end":{"line":25,"column":17}},"loc":{"start":{"line":25,"column":17},"end":{"line":27,"column":3}}},"3":{"name":"(anonymous_3)","decl":{"start":{"line":30,"column":10},"end":{"line":30,"column":24}},"loc":{"start":{"line":30,"column":24},"end":{"line":34,"column":3}}},"4":{"name":"(anonymous_4)","decl":{"start":{"line":37,"column":2},"end":{"line":37,"column":11}},"loc":{"start":{"line":37,"column":11},"end":{"line":122,"column":3}}},"5":{"name":"(anonymous_5)","decl":{"start":{"line":126,"column":10},"end":{"line":126,"column":20}},"loc":{"start":{"line":126,"column":20},"end":{"line":139,"column":3}}},"6":{"name":"(anonymous_6)","decl":{"start":{"line":142,"column":10},"end":{"line":142,"column":24}},"loc":{"start":{"line":142,"column":24},"end":{"line":163,"column":3}}}},"branchMap":{"0":{"loc":{"start":{"line":20,"column":11},"end":{"line":20,"column":44}},"type":"cond-expr","locations":[{"start":{"line":20,"column":36},"end":{"line":20,"column":40}},{"start":{"line":20,"column":40},"end":{"line":20,"column":44}}]},"1":{"loc":{"start":{"line":20,"column":11},"end":{"line":20,"column":40}},"type":"binary-expr","locations":[{"start":{"line":20,"column":11},"end":{"line":20,"column":40}},{"start":{"line":20,"column":36},"end":{"line":20,"column":40}}]},"2":{"loc":{"start":{"line":26,"column":11},"end":{"line":26,"column":46}},"type":"cond-expr","locations":[{"start":{"line":26,"column":38},"end":{"line":26,"column":42}},{"start":{"line":26,"column":42},"end":{"line":26,"column":46}}]},"3":{"loc":{"start":{"line":26,"column":11},"end":{"line":26,"column":42}},"type":"binary-expr","locations":[{"start":{"line":26,"column":11},"end":{"line":26,"column":42}},{"start":{"line":26,"column":38},"end":{"line":26,"column":42}}]},"4":{"loc":{"start":{"line":45,"column":4},"end":{"line":47,"column":5}},"type":"if","locations":[{"start":{"line":45,"column":4},"end":{"line":47,"column":5}},{"start":{},"end":{}}]},"5":{"loc":{"start":{"line":50,"column":4},"end":{"line":52,"column":5}},"type":"if","locations":[{"start":{"line":50,"column":4},"end":{"line":52,"column":5}},{"start":{},"end":{}}]},"6":{"loc":{"start":{"line":55,"column":4},"end":{"line":57,"column":5}},"type":"if","locations":[{"start":{"line":55,"column":4},"end":{"line":57,"column":5}},{"start":{},"end":{}}]},"7":{"loc":{"start":{"line":60,"column":4},"end":{"line":121,"column":5}},"type":"switch","locations":[{"start":{"line":62,"column":6},"end":{"line":63,"column":null}},{"start":{"line":65,"column":6},"end":{"line":66,"column":null}},{"start":{"line":68,"column":6},"end":{"line":69,"column":null}},{"start":{"line":71,"column":6},"end":{"line":72,"column":null}},{"start":{"line":74,"column":6},"end":{"line":75,"column":null}},{"start":{"line":77,"column":6},"end":{"line":78,"column":null}},{"start":{"line":80,"column":6},"end":{"line":81,"column":null}},{"start":{"line":83,"column":6},"end":{"line":84,"column":null}},{"start":{"line":86,"column":6},"end":{"line":87,"column":null}},{"start":{"line":89,"column":6},"end":{"line":90,"column":null}},{"start":{"line":92,"column":6},"end":{"line":93,"column":null}},{"start":{"line":95,"column":6},"end":{"line":96,"column":null}},{"start":{"line":98,"column":6},"end":{"line":99,"column":null}},{"start":{"line":101,"column":6},"end":{"line":116,"column":null}},{"start":{"line":118,"column":6},"end":{"line":120,"column":null}}]},"8":{"loc":{"start":{"line":104,"column":8},"end":{"line":107,"column":9}},"type":"if","locations":[{"start":{"line":104,"column":8},"end":{"line":107,"column":9}},{"start":{},"end":{}}]},"9":{"loc":{"start":{"line":110,"column":8},"end":{"line":113,"column":9}},"type":"if","locations":[{"start":{"line":110,"column":8},"end":{"line":113,"column":9}},{"start":{},"end":{}}]},"10":{"loc":{"start":{"line":154,"column":4},"end":{"line":156,"column":5}},"type":"if","locations":[{"start":{"line":154,"column":4},"end":{"line":156,"column":5}},{"start":{},"end":{}}]}},"s":{"0":2,"1":2,"2":13,"3":13,"4":79,"5":27,"6":26,"7":6,"8":26,"9":26,"10":26,"11":11,"12":15,"13":2,"14":13,"15":4,"16":9,"17":1,"18":1,"19":0,"20":0,"21":0,"22":0,"23":1,"24":2,"25":1,"26":0,"27":0,"28":0,"29":0,"30":3,"31":1,"32":1,"33":2,"34":1,"35":1,"36":1,"37":0,"38":2,"39":2,"40":4,"41":2,"42":4,"43":4,"44":6,"45":4,"46":4,"47":1,"48":3,"49":2},"f":{"0":13,"1":79,"2":27,"3":26,"4":26,"5":2,"6":4},"b":{"0":[51,28],"1":[79,79],"2":[27,0],"3":[27,27],"4":[11,15],"5":[2,13],"6":[4,9],"7":[1,1,0,0,0,0,1,2,1,0,0,0,0,3,0],"8":[1,2],"9":[1,1],"10":[1,3]}}
,"/Users/valeriechavez/Desktop/spring 2026/COMP 430 COMPILERS/SkalScript/src/tokenizer/TokenType.ts": {"path":"/Users/valeriechavez/Desktop/spring 2026/COMP 430 COMPILERS/SkalScript/src/tokenizer/TokenType.ts","statementMap":{"0":{"start":{"line":1,"column":0},"end":{"line":1,"column":null}},"1":{"start":{"line":2,"column":4},"end":{"line":2,"column":null}},"2":{"start":{"line":3,"column":4},"end":{"line":3,"column":null}},"3":{"start":{"line":7,"column":4},"end":{"line":7,"column":null}},"4":{"start":{"line":8,"column":4},"end":{"line":8,"column":null}},"5":{"start":{"line":9,"column":4},"end":{"line":9,"column":null}},"6":{"start":{"line":10,"column":4},"end":{"line":10,"column":null}},"7":{"start":{"line":11,"column":4},"end":{"line":11,"column":null}},"8":{"start":{"line":12,"column":4},"end":{"line":12,"column":null}},"9":{"start":{"line":13,"column":4},"end":{"line":13,"column":null}},"10":{"start":{"line":14,"column":4},"end":{"line":14,"column":null}},"11":{"start":{"line":15,"column":4},"end":{"line":15,"column":null}},"12":{"start":{"line":16,"column":4},"end":{"line":16,"column":null}},"13":{"start":{"line":19,"column":4},"end":{"line":19,"column":null}},"14":{"start":{"line":20,"column":4},"end":{"line":20,"column":null}},"15":{"start":{"line":21,"column":4},"end":{"line":21,"column":null}},"16":{"start":{"line":24,"column":4},"end":{"line":24,"column":null}},"17":{"start":{"line":25,"column":4},"end":{"line":25,"column":null}},"18":{"start":{"line":26,"column":4},"end":{"line":26,"column":null}},"19":{"start":{"line":27,"column":4},"end":{"line":27,"column":null}},"20":{"start":{"line":28,"column":4},"end":{"line":28,"column":null}},"21":{"start":{"line":29,"column":4},"end":{"line":29,"column":null}},"22":{"start":{"line":30,"column":4},"end":{"line":30,"column":null}},"23":{"start":{"line":31,"column":4},"end":{"line":31,"column":null}},"24":{"start":{"line":34,"column":4},"end":{"line":34,"column":null}},"25":{"start":{"line":35,"column":4},"end":{"line":35,"column":null}},"26":{"start":{"line":36,"column":4},"end":{"line":36,"column":null}},"27":{"start":{"line":37,"column":4},"end":{"line":37,"column":null}},"28":{"start":{"line":38,"column":4},"end":{"line":38,"column":null}},"29":{"start":{"line":39,"column":4},"end":{"line":39,"column":null}},"30":{"start":{"line":40,"column":4},"end":{"line":40,"column":null}},"31":{"start":{"line":41,"column":4},"end":{"line":41,"column":null}},"32":{"start":{"line":43,"column":4},"end":{"line":43,"column":null}}},"fnMap":{"0":{"name":"(anonymous_0)","decl":{"start":{"line":1,"column":0},"end":{"line":1,"column":12}},"loc":{"start":{"line":1,"column":21},"end":{"line":44,"column":1}}}},"branchMap":{"0":{"loc":{"start":{"line":1,"column":12},"end":{"line":1,"column":null}},"type":"binary-expr","locations":[{"start":{"line":1,"column":12},"end":{"line":1,"column":21}},{"start":{"line":1,"column":21},"end":{"line":1,"column":null}}]}},"s":{"0":2,"1":2,"2":2,"3":2,"4":2,"5":2,"6":2,"7":2,"8":2,"9":2,"10":2,"11":2,"12":2,"13":2,"14":2,"15":2,"16":2,"17":2,"18":2,"19":2,"20":2,"21":2,"22":2,"23":2,"24":2,"25":2,"26":2,"27":2,"28":2,"29":2,"30":2,"31":2,"32":2},"f":{"0":2},"b":{"0":[2,2]}}
,"/Users/valeriechavez/Desktop/spring 2026/COMP 430 COMPILERS/SkalScript/src/tokenizer/keywords.ts": {"path":"/Users/valeriechavez/Desktop/spring 2026/COMP 430 COMPILERS/SkalScript/src/tokenizer/keywords.ts","statementMap":{"0":{"start":{"line":1,"column":0},"end":{"line":1,"column":39}},"1":{"start":{"line":3,"column":13},"end":{"line":18,"column":null}}},"fnMap":{},"branchMap":{},"s":{"0":2,"1":2},"f":{},"b":{}}
}
