TN:
SF:src/tokenizer/Lexer.ts
FN:13,(anonymous_0)
FN:19,(anonymous_1)
FN:25,(anonymous_2)
FN:30,(anonymous_3)
FN:37,(anonymous_4)
FN:126,(anonymous_5)
FN:142,(anonymous_6)
FNF:7
FNH:7
FNDA:13,(anonymous_0)
FNDA:79,(anonymous_1)
FNDA:27,(anonymous_2)
FNDA:26,(anonymous_3)
FNDA:26,(anonymous_4)
FNDA:2,(anonymous_5)
FNDA:4,(anonymous_6)
DA:3,2
DA:4,2
DA:8,2
DA:10,13
DA:14,13
DA:20,79
DA:26,27
DA:31,26
DA:32,6
DA:40,26
DA:42,26
DA:45,26
DA:46,11
DA:50,15
DA:51,2
DA:55,13
DA:56,4
DA:60,9
DA:63,1
DA:66,1
DA:69,0
DA:72,0
DA:75,0
DA:78,0
DA:81,1
DA:84,2
DA:87,1
DA:90,0
DA:93,0
DA:96,0
DA:99,0
DA:104,3
DA:105,1
DA:106,1
DA:110,2
DA:111,1
DA:112,1
DA:116,1
DA:120,0
DA:128,2
DA:131,2
DA:132,4
DA:135,2
DA:144,4
DA:147,4
DA:148,6
DA:152,4
DA:154,4
DA:155,1
DA:159,3
LF:50
LH:41
BRDA:20,0,0,51
BRDA:20,0,1,28
BRDA:20,1,0,79
BRDA:20,1,1,79
BRDA:26,2,0,27
BRDA:26,2,1,0
BRDA:26,3,0,27
BRDA:26,3,1,27
BRDA:45,4,0,11
BRDA:45,4,1,15
BRDA:50,5,0,2
BRDA:50,5,1,13
BRDA:55,6,0,4
BRDA:55,6,1,9
BRDA:60,7,0,1
BRDA:60,7,1,1
BRDA:60,7,2,0
BRDA:60,7,3,0
BRDA:60,7,4,0
BRDA:60,7,5,0
BRDA:60,7,6,1
BRDA:60,7,7,2
BRDA:60,7,8,1
BRDA:60,7,9,0
BRDA:60,7,10,0
BRDA:60,7,11,0
BRDA:60,7,12,0
BRDA:60,7,13,3
BRDA:60,7,14,0
BRDA:104,8,0,1
BRDA:104,8,1,2
BRDA:110,9,0,1
BRDA:110,9,1,1
BRDA:154,10,0,1
BRDA:154,10,1,3
BRF:35
BRH:25
end_of_record
TN:
SF:src/tokenizer/TokenType.ts
FN:1,(anonymous_0)
FNF:1
FNH:1
FNDA:2,(anonymous_0)
DA:1,2
DA:2,2
DA:3,2
DA:7,2
DA:8,2
DA:9,2
DA:10,2
DA:11,2
DA:12,2
DA:13,2
DA:14,2
DA:15,2
DA:16,2
DA:19,2
DA:20,2
DA:21,2
DA:24,2
DA:25,2
DA:26,2
DA:27,2
DA:28,2
DA:29,2
DA:30,2
DA:31,2
DA:34,2
DA:35,2
DA:36,2
DA:37,2
DA:38,2
DA:39,2
DA:40,2
DA:41,2
DA:43,2
LF:33
LH:33
BRDA:1,0,0,2
BRDA:1,0,1,2
BRF:2
BRH:2
end_of_record
TN:
SF:src/tokenizer/keywords.ts
FNF:0
FNH:0
DA:1,2
DA:3,2
LF:2
LH:2
BRF:0
BRH:0
end_of_record
